%!Adobe-FontList 1.14
%Locale:0x404

%BeginFont
Handler:DirectoryHandler
FontType:Invalid
OutlineFileName:C:\Users\user\Desktop\網頁相關\unihedy\Font\font-awesome\fonts\fontawesome-webfont.eot
FileModTime:1394780766
%EndFont

%BeginFont
Handler:DirectoryHandler
FontType:TrueType
FontName:FontAwesome
FamilyName:FontAwesome
StyleName:Regular
FullName:FontAwesome Regular
MenuName:FontAwesome
StyleBits:0
WritingScript:Roman
OutlineFileName:C:\Users\user\Desktop\網頁相關\unihedy\Font\font-awesome\fonts\fontawesome-webfont.ttf
DataFormat:sfntData
FileLength:80652
FileModTime:1394780766
WeightClass:400
WidthClass:5
AngleClass:0
%EndFont

%BeginFont
Handler:DirectoryHandler
FontType:Invalid
OutlineFileName:C:\Users\user\Desktop\網頁相關\unihedy\Font\font-awesome\fonts\fontawesome-webfont.woff
FileModTime:1394780766
%EndFont

%BeginFont
Handler:DirectoryHandler
FontType:Type1
FontName:FontAwesome
FamilyName:FontAwesome
StyleName:Regular
FullName:FontAwesome
MenuName:FontAwesome
StyleBits:0
WritingScript:Roman
OutlineFileName:C:\Users\user\Desktop\網頁相關\unihedy\Font\font-awesome\fonts\FontAwesome.otf
DataFormat:sfntData
UsesStandardEncoding:yes
isCFF:yes
FileLength:62856
FileModTime:1394780764
WeightClass:400
WidthClass:5
AngleClass:0
%EndFont

%BeginFont
Handler:DirectoryHandler
FontType:Invalid
OutlineFileName:C:\Users\user\Desktop\網頁相關\unihedy\Font\font-awesome\css\font-awesome.min.css
FileModTime:1394780762
%EndFont

